<?xml version="1.0" encoding="UTF-8"?>
<testsuite xmlns:xsi="http://www.w3.org/2001/XMLSchema-instance" xsi:noNamespaceSchemaLocation="https://maven.apache.org/surefire/maven-surefire-plugin/xsd/surefire-test-report-3.0.xsd" version="3.0" name="org.tby.fourdk.core.command.bus.CommandDispatcherBusTest" time="0.01" tests="4" errors="0" skipped="0" failures="0">
  <properties>
[...]
</properties>
  <testcase name="it_should_throw_an_exception_if_the_command_dispatched_has_no_associated_handler" classname="org.tby.fourdk.core.command.bus.CommandDispatcherBusTest" time="0.001"/>
  <testcase name="it_should_return_events_from_the_correct_command_handler" classname="org.tby.fourdk.core.command.bus.CommandDispatcherBusTest" time="0.005"/>
  <testcase name="it_should_dispatch_a_command_to_the_correct_commandHandler" classname="org.tby.fourdk.core.command.bus.CommandDispatcherBusTest" time="0.001"/>
  <testcase name="it_should_only_register_one_handler_for_a_given_command" classname="org.tby.fourdk.core.command.bus.CommandDispatcherBusTest" time="0"/>
</testsuite>